<?xml version="1.0" encoding="UTF-8"?>
<coverage generated="1412929818057" clover="4.0.1">
   <project timestamp="1412929613672" name="ServiceHome Coverage Report">
      <metrics conditionals="276" methods="180" classes="24" files="24" packages="5" coveredstatements="0" complexity="368" loc="3061" ncloc="2225" coveredmethods="0" coveredconditionals="0" statements="1325" coveredelements="0" elements="1781"/>
      <package name="foo.acn.bo">
         <metrics classes="6" methods="21" conditionals="2" files="6" ncloc="113" coveredstatements="0" coveredmethods="0" complexity="23" coveredconditionals="0" statements="29" loc="159" coveredelements="0" elements="52"/>
         <file name="Weather.java" path="C:\Users\ashani.basu\Google Drive\WorkSpace\ServiceHome\src\main\java\foo\acn\bo\Weather.java">
            <metrics classes="1" methods="4" conditionals="0" ncloc="17" coveredstatements="0" coveredmethods="0" complexity="4" coveredconditionals="0" statements="4" loc="25" coveredelements="0" elements="8"/>
            <class name="Weather">
               <metrics methods="4" conditionals="0" coveredstatements="0" coveredmethods="0" complexity="4" coveredconditionals="0" statements="4" coveredelements="0" elements="8"/>
            </class>
            <line num="10" count="0" visibility="public" complexity="1" type="method" signature="getTemperature() : float"/>
            <line num="11" count="0" type="stmt"/>
            <line num="14" count="0" visibility="public" complexity="1" type="method" signature="setTemperature(float) : void"/>
            <line num="15" count="0" type="stmt"/>
            <line num="18" count="0" visibility="public" complexity="1" type="method" signature="getScale() : String"/>
            <line num="19" count="0" type="stmt"/>
            <line num="22" count="0" visibility="public" complexity="1" type="method" signature="setScale(String) : void"/>
            <line num="23" count="0" type="stmt"/>
         </file>
         <file name="LocationDetails.java" path="C:\Users\ashani.basu\Google Drive\WorkSpace\ServiceHome\src\main\java\foo\acn\bo\LocationDetails.java">
            <metrics classes="1" methods="6" conditionals="0" ncloc="25" coveredstatements="0" coveredmethods="0" complexity="6" coveredconditionals="0" statements="6" loc="34" coveredelements="0" elements="12"/>
            <class name="LocationDetails">
               <metrics methods="6" conditionals="0" coveredstatements="0" coveredmethods="0" complexity="6" coveredconditionals="0" statements="6" coveredelements="0" elements="12"/>
            </class>
            <line num="11" count="0" visibility="public" complexity="1" type="method" signature="getName() : String"/>
            <line num="12" count="0" type="stmt"/>
            <line num="15" count="0" visibility="public" complexity="1" type="method" signature="setName(String) : void"/>
            <line num="16" count="0" type="stmt"/>
            <line num="19" count="0" visibility="public" complexity="1" type="method" signature="getCode() : String"/>
            <line num="20" count="0" type="stmt"/>
            <line num="23" count="0" visibility="public" complexity="1" type="method" signature="setCode(String) : void"/>
            <line num="24" count="0" type="stmt"/>
            <line num="27" count="0" visibility="public" complexity="1" type="method" signature="getThumbnali() : String"/>
            <line num="28" count="0" type="stmt"/>
            <line num="31" count="0" visibility="public" complexity="1" type="method" signature="setThumbnali(String) : void"/>
            <line num="32" count="0" type="stmt"/>
         </file>
         <file name="GeoLocation.java" path="C:\Users\ashani.basu\Google Drive\WorkSpace\ServiceHome\src\main\java\foo\acn\bo\GeoLocation.java">
            <metrics classes="1" methods="0" conditionals="0" ncloc="5" coveredstatements="0" coveredmethods="0" complexity="0" coveredconditionals="0" statements="0" loc="8" coveredelements="0" elements="0"/>
            <class name="GeoLocation">
               <metrics methods="0" conditionals="0" coveredstatements="0" coveredmethods="0" complexity="0" coveredconditionals="0" statements="0" coveredelements="0" elements="0"/>
            </class>
         </file>
         <file name="Country.java" path="C:\Users\ashani.basu\Google Drive\WorkSpace\ServiceHome\src\main\java\foo\acn\bo\Country.java">
            <metrics classes="1" methods="6" conditionals="0" ncloc="25" coveredstatements="0" coveredmethods="0" complexity="6" coveredconditionals="0" statements="6" loc="38" coveredelements="0" elements="12"/>
            <class name="Country">
               <metrics methods="6" conditionals="0" coveredstatements="0" coveredmethods="0" complexity="6" coveredconditionals="0" statements="6" coveredelements="0" elements="12"/>
            </class>
            <line num="13" count="0" visibility="public" complexity="1" type="method" signature="getName() : String"/>
            <line num="14" count="0" type="stmt"/>
            <line num="17" count="0" visibility="public" complexity="1" type="method" signature="setName(String) : void"/>
            <line num="18" count="0" type="stmt"/>
            <line num="21" count="0" visibility="public" complexity="1" type="method" signature="getCities() : List&lt;City&gt;"/>
            <line num="22" count="0" type="stmt"/>
            <line num="25" count="0" visibility="public" complexity="1" type="method" signature="setCities(List&lt;City&gt;) : void"/>
            <line num="26" count="0" type="stmt"/>
            <line num="29" count="0" visibility="public" complexity="1" type="method" signature="getLocationDetails() : LocationDetails"/>
            <line num="30" count="0" type="stmt"/>
            <line num="33" count="0" visibility="public" complexity="1" type="method" signature="setLocationDetails(LocationDetails) : void"/>
            <line num="34" count="0" type="stmt"/>
         </file>
         <file name="City.java" path="C:\Users\ashani.basu\Google Drive\WorkSpace\ServiceHome\src\main\java\foo\acn\bo\City.java">
            <metrics classes="1" methods="4" conditionals="0" ncloc="19" coveredstatements="0" coveredmethods="0" complexity="4" coveredconditionals="0" statements="4" loc="29" coveredelements="0" elements="8"/>
            <class name="City">
               <metrics methods="4" conditionals="0" coveredstatements="0" coveredmethods="0" complexity="4" coveredconditionals="0" statements="4" coveredelements="0" elements="8"/>
            </class>
            <line num="12" count="0" visibility="public" complexity="1" type="method" signature="getCities() : List&lt;Weather&gt;"/>
            <line num="13" count="0" type="stmt"/>
            <line num="16" count="0" visibility="public" complexity="1" type="method" signature="setCities(List&lt;Weather&gt;) : void"/>
            <line num="17" count="0" type="stmt"/>
            <line num="20" count="0" visibility="public" complexity="1" type="method" signature="getLocationDetails() : LocationDetails"/>
            <line num="21" count="0" type="stmt"/>
            <line num="24" count="0" visibility="public" complexity="1" type="method" signature="setLocationDetails(LocationDetails) : void"/>
            <line num="25" count="0" type="stmt"/>
         </file>
         <file name="BO.java" path="C:\Users\ashani.basu\Google Drive\WorkSpace\ServiceHome\src\main\java\foo\acn\bo\BO.java">
            <metrics classes="1" methods="1" conditionals="2" ncloc="22" coveredstatements="0" coveredmethods="0" complexity="3" coveredconditionals="0" statements="9" loc="25" coveredelements="0" elements="12"/>
            <class name="BO">
               <metrics methods="1" conditionals="2" coveredstatements="0" coveredmethods="0" complexity="3" coveredconditionals="0" statements="9" coveredelements="0" elements="12"/>
            </class>
            <line num="9" count="0" visibility="public" complexity="3" type="method" signature="toString() : String"/>
            <line num="11" count="0" type="stmt"/>
            <line num="12" count="0" type="stmt"/>
            <line num="13" count="0" type="stmt"/>
            <line num="15" count="0" type="stmt"/>
            <line num="16" count="0" type="stmt"/>
            <line num="16" falsecount="0" type="cond" truecount="0"/>
            <line num="17" count="0" type="stmt"/>
            <line num="18" count="0" type="stmt"/>
            <line num="20" count="0" type="stmt"/>
            <line num="23" count="0" type="stmt"/>
         </file>
      </package>
      <package name="foo.acn.bl">
         <metrics classes="3" methods="0" conditionals="0" files="3" ncloc="20" coveredstatements="0" coveredmethods="0" complexity="0" coveredconditionals="0" statements="0" loc="33" coveredelements="0" elements="0"/>
         <file name="WeatherBL.java" path="C:\Users\ashani.basu\Google Drive\WorkSpace\ServiceHome\src\main\java\foo\acn\bl\WeatherBL.java">
            <metrics classes="1" methods="0" conditionals="0" ncloc="7" coveredstatements="0" coveredmethods="0" complexity="0" coveredconditionals="0" statements="0" loc="11" coveredelements="0" elements="0"/>
            <class name="WeatherBL">
               <metrics methods="0" conditionals="0" coveredstatements="0" coveredmethods="0" complexity="0" coveredconditionals="0" statements="0" coveredelements="0" elements="0"/>
            </class>
         </file>
         <file name="CountryBL.java" path="C:\Users\ashani.basu\Google Drive\WorkSpace\ServiceHome\src\main\java\foo\acn\bl\CountryBL.java">
            <metrics classes="1" methods="0" conditionals="0" ncloc="6" coveredstatements="0" coveredmethods="0" complexity="0" coveredconditionals="0" statements="0" loc="10" coveredelements="0" elements="0"/>
            <class name="CountryBL">
               <metrics methods="0" conditionals="0" coveredstatements="0" coveredmethods="0" complexity="0" coveredconditionals="0" statements="0" coveredelements="0" elements="0"/>
            </class>
         </file>
         <file name="CityBL.java" path="C:\Users\ashani.basu\Google Drive\WorkSpace\ServiceHome\src\main\java\foo\acn\bl\CityBL.java">
            <metrics classes="1" methods="0" conditionals="0" ncloc="7" coveredstatements="0" coveredmethods="0" complexity="0" coveredconditionals="0" statements="0" loc="12" coveredelements="0" elements="0"/>
            <class name="CityBL">
               <metrics methods="0" conditionals="0" coveredstatements="0" coveredmethods="0" complexity="0" coveredconditionals="0" statements="0" coveredelements="0" elements="0"/>
            </class>
         </file>
      </package>
      <package name="org.oorsprong.www.websamples_countryinfo">
         <metrics classes="11" methods="155" conditionals="274" files="11" ncloc="2056" coveredstatements="0" coveredmethods="0" complexity="341" coveredconditionals="0" statements="1292" loc="2812" coveredelements="0" elements="1721"/>
         <file name="TLanguage.java" path="C:\Users\ashani.basu\Google Drive\WorkSpace\ServiceHome\src\main\java\org\oorsprong\www\websamples_countryinfo\TLanguage.java">
            <metrics classes="1" methods="12" conditionals="14" ncloc="98" coveredstatements="0" coveredmethods="0" complexity="19" coveredconditionals="0" statements="46" loc="155" coveredelements="0" elements="72"/>
            <class name="TLanguage">
               <metrics methods="12" conditionals="14" coveredstatements="0" coveredmethods="0" complexity="19" coveredconditionals="0" statements="46" coveredelements="0" elements="72"/>
            </class>
            <line num="15" count="0" visibility="public" complexity="1" type="method" signature="TLanguage()"/>
            <line num="18" count="0" visibility="public" complexity="1" type="method" signature="TLanguage(java.lang.String,java.lang.String)"/>
            <line num="21" count="0" type="stmt"/>
            <line num="22" count="0" type="stmt"/>
            <line num="31" count="0" visibility="public" complexity="1" type="method" signature="getSISOCode() : java.lang.String"/>
            <line num="32" count="0" type="stmt"/>
            <line num="41" count="0" visibility="public" complexity="1" type="method" signature="setSISOCode(java.lang.String) : void"/>
            <line num="42" count="0" type="stmt"/>
            <line num="51" count="0" visibility="public" complexity="1" type="method" signature="getSName() : java.lang.String"/>
            <line num="52" count="0" type="stmt"/>
            <line num="61" count="0" visibility="public" complexity="1" type="method" signature="setSName(java.lang.String) : void"/>
            <line num="62" count="0" type="stmt"/>
            <line num="66" count="0" visibility="public" complexity="5" type="method" signature="equals(java.lang.Object) : boolean"/>
            <line num="67" count="0" type="stmt"/>
            <line num="67" count="0" type="stmt"/>
            <line num="67" falsecount="0" type="cond" truecount="0"/>
            <line num="68" count="0" type="stmt"/>
            <line num="69" count="0" type="stmt"/>
            <line num="69" count="0" type="stmt"/>
            <line num="69" falsecount="0" type="cond" truecount="0"/>
            <line num="70" count="0" type="stmt"/>
            <line num="70" count="0" type="stmt"/>
            <line num="70" falsecount="0" type="cond" truecount="0"/>
            <line num="71" count="0" type="stmt"/>
            <line num="71" falsecount="0" type="cond" truecount="0"/>
            <line num="72" count="0" type="stmt"/>
            <line num="74" count="0" type="stmt"/>
            <line num="75" count="0" type="stmt"/>
            <line num="76" count="0" type="stmt"/>
            <line num="83" count="0" type="stmt"/>
            <line num="84" count="0" type="stmt"/>
            <line num="88" count="0" visibility="public" complexity="4" type="method" signature="hashCode() : int"/>
            <line num="89" count="0" type="stmt"/>
            <line num="89" falsecount="0" type="cond" truecount="0"/>
            <line num="90" count="0" type="stmt"/>
            <line num="92" count="0" type="stmt"/>
            <line num="93" count="0" type="stmt"/>
            <line num="94" count="0" type="stmt"/>
            <line num="94" falsecount="0" type="cond" truecount="0"/>
            <line num="95" count="0" type="stmt"/>
            <line num="97" count="0" type="stmt"/>
            <line num="97" falsecount="0" type="cond" truecount="0"/>
            <line num="98" count="0" type="stmt"/>
            <line num="100" count="0" type="stmt"/>
            <line num="101" count="0" type="stmt"/>
            <line num="108" count="0" visibility="package" complexity="1" type="method" signature="&lt;clinit&gt;, line 108()"/>
            <line num="109" count="0" type="stmt"/>
            <line num="110" count="0" type="stmt"/>
            <line num="111" count="0" type="stmt"/>
            <line num="112" count="0" type="stmt"/>
            <line num="113" count="0" type="stmt"/>
            <line num="114" count="0" type="stmt"/>
            <line num="115" count="0" type="stmt"/>
            <line num="116" count="0" type="stmt"/>
            <line num="117" count="0" type="stmt"/>
            <line num="118" count="0" type="stmt"/>
            <line num="119" count="0" type="stmt"/>
            <line num="120" count="0" type="stmt"/>
            <line num="121" count="0" type="stmt"/>
            <line num="127" count="0" visibility="public" complexity="1" type="method" signature="getTypeDesc() : org.apache.axis.description.TypeDesc"/>
            <line num="128" count="0" type="stmt"/>
            <line num="134" count="0" visibility="public" complexity="1" type="method" signature="getSerializer(java.lang.String,java.lang.Class,javax.xml.namespace.QName) : org.apache.axis.encoding.Serializer"/>
            <line num="138" count="0" type="stmt"/>
            <line num="146" count="0" visibility="public" complexity="1" type="method" signature="getDeserializer(java.lang.String,java.lang.Class,javax.xml.namespace.QName) : org.apache.axis.encoding.Deserializer"/>
            <line num="150" count="0" type="stmt"/>
         </file>
         <file name="TCurrency.java" path="C:\Users\ashani.basu\Google Drive\WorkSpace\ServiceHome\src\main\java\org\oorsprong\www\websamples_countryinfo\TCurrency.java">
            <metrics classes="1" methods="12" conditionals="14" ncloc="98" coveredstatements="0" coveredmethods="0" complexity="19" coveredconditionals="0" statements="46" loc="155" coveredelements="0" elements="72"/>
            <class name="TCurrency">
               <metrics methods="12" conditionals="14" coveredstatements="0" coveredmethods="0" complexity="19" coveredconditionals="0" statements="46" coveredelements="0" elements="72"/>
            </class>
            <line num="15" count="0" visibility="public" complexity="1" type="method" signature="TCurrency()"/>
            <line num="18" count="0" visibility="public" complexity="1" type="method" signature="TCurrency(java.lang.String,java.lang.String)"/>
            <line num="21" count="0" type="stmt"/>
            <line num="22" count="0" type="stmt"/>
            <line num="31" count="0" visibility="public" complexity="1" type="method" signature="getSISOCode() : java.lang.String"/>
            <line num="32" count="0" type="stmt"/>
            <line num="41" count="0" visibility="public" complexity="1" type="method" signature="setSISOCode(java.lang.String) : void"/>
            <line num="42" count="0" type="stmt"/>
            <line num="51" count="0" visibility="public" complexity="1" type="method" signature="getSName() : java.lang.String"/>
            <line num="52" count="0" type="stmt"/>
            <line num="61" count="0" visibility="public" complexity="1" type="method" signature="setSName(java.lang.String) : void"/>
            <line num="62" count="0" type="stmt"/>
            <line num="66" count="0" visibility="public" complexity="5" type="method" signature="equals(java.lang.Object) : boolean"/>
            <line num="67" count="0" type="stmt"/>
            <line num="67" count="0" type="stmt"/>
            <line num="67" falsecount="0" type="cond" truecount="0"/>
            <line num="68" count="0" type="stmt"/>
            <line num="69" count="0" type="stmt"/>
            <line num="69" count="0" type="stmt"/>
            <line num="69" falsecount="0" type="cond" truecount="0"/>
            <line num="70" count="0" type="stmt"/>
            <line num="70" count="0" type="stmt"/>
            <line num="70" falsecount="0" type="cond" truecount="0"/>
            <line num="71" count="0" type="stmt"/>
            <line num="71" falsecount="0" type="cond" truecount="0"/>
            <line num="72" count="0" type="stmt"/>
            <line num="74" count="0" type="stmt"/>
            <line num="75" count="0" type="stmt"/>
            <line num="76" count="0" type="stmt"/>
            <line num="83" count="0" type="stmt"/>
            <line num="84" count="0" type="stmt"/>
            <line num="88" count="0" visibility="public" complexity="4" type="method" signature="hashCode() : int"/>
            <line num="89" count="0" type="stmt"/>
            <line num="89" falsecount="0" type="cond" truecount="0"/>
            <line num="90" count="0" type="stmt"/>
            <line num="92" count="0" type="stmt"/>
            <line num="93" count="0" type="stmt"/>
            <line num="94" count="0" type="stmt"/>
            <line num="94" falsecount="0" type="cond" truecount="0"/>
            <line num="95" count="0" type="stmt"/>
            <line num="97" count="0" type="stmt"/>
            <line num="97" falsecount="0" type="cond" truecount="0"/>
            <line num="98" count="0" type="stmt"/>
            <line num="100" count="0" type="stmt"/>
            <line num="101" count="0" type="stmt"/>
            <line num="108" count="0" visibility="package" complexity="1" type="method" signature="&lt;clinit&gt;, line 108()"/>
            <line num="109" count="0" type="stmt"/>
            <line num="110" count="0" type="stmt"/>
            <line num="111" count="0" type="stmt"/>
            <line num="112" count="0" type="stmt"/>
            <line num="113" count="0" type="stmt"/>
            <line num="114" count="0" type="stmt"/>
            <line num="115" count="0" type="stmt"/>
            <line num="116" count="0" type="stmt"/>
            <line num="117" count="0" type="stmt"/>
            <line num="118" count="0" type="stmt"/>
            <line num="119" count="0" type="stmt"/>
            <line num="120" count="0" type="stmt"/>
            <line num="121" count="0" type="stmt"/>
            <line num="127" count="0" visibility="public" complexity="1" type="method" signature="getTypeDesc() : org.apache.axis.description.TypeDesc"/>
            <line num="128" count="0" type="stmt"/>
            <line num="134" count="0" visibility="public" complexity="1" type="method" signature="getSerializer(java.lang.String,java.lang.Class,javax.xml.namespace.QName) : org.apache.axis.encoding.Serializer"/>
            <line num="138" count="0" type="stmt"/>
            <line num="146" count="0" visibility="public" complexity="1" type="method" signature="getDeserializer(java.lang.String,java.lang.Class,javax.xml.namespace.QName) : org.apache.axis.encoding.Deserializer"/>
            <line num="150" count="0" type="stmt"/>
         </file>
         <file name="TCountryInfo.java" path="C:\Users\ashani.basu\Google Drive\WorkSpace\ServiceHome\src\main\java\org\oorsprong\www\websamples_countryinfo\TCountryInfo.java">
            <metrics classes="1" methods="24" conditionals="30" ncloc="233" coveredstatements="0" coveredmethods="0" complexity="40" coveredconditionals="0" statements="116" loc="380" coveredelements="0" elements="170"/>
            <class name="TCountryInfo">
               <metrics methods="24" conditionals="30" coveredstatements="0" coveredmethods="0" complexity="40" coveredconditionals="0" statements="116" coveredelements="0" elements="170"/>
            </class>
            <line num="27" count="0" visibility="public" complexity="1" type="method" signature="TCountryInfo()"/>
            <line num="30" count="0" visibility="public" complexity="1" type="method" signature="TCountryInfo(java.lang.String,java.lang.String,java.lang.String,java.lang.String,java.lang.String,java.lang.String,java.lang.String,org.oorsprong.www.websamples_countryinfo.TLanguage[])"/>
            <line num="39" count="0" type="stmt"/>
            <line num="40" count="0" type="stmt"/>
            <line num="41" count="0" type="stmt"/>
            <line num="42" count="0" type="stmt"/>
            <line num="43" count="0" type="stmt"/>
            <line num="44" count="0" type="stmt"/>
            <line num="45" count="0" type="stmt"/>
            <line num="46" count="0" type="stmt"/>
            <line num="55" count="0" visibility="public" complexity="1" type="method" signature="getSISOCode() : java.lang.String"/>
            <line num="56" count="0" type="stmt"/>
            <line num="65" count="0" visibility="public" complexity="1" type="method" signature="setSISOCode(java.lang.String) : void"/>
            <line num="66" count="0" type="stmt"/>
            <line num="75" count="0" visibility="public" complexity="1" type="method" signature="getSName() : java.lang.String"/>
            <line num="76" count="0" type="stmt"/>
            <line num="85" count="0" visibility="public" complexity="1" type="method" signature="setSName(java.lang.String) : void"/>
            <line num="86" count="0" type="stmt"/>
            <line num="95" count="0" visibility="public" complexity="1" type="method" signature="getSCapitalCity() : java.lang.String"/>
            <line num="96" count="0" type="stmt"/>
            <line num="105" count="0" visibility="public" complexity="1" type="method" signature="setSCapitalCity(java.lang.String) : void"/>
            <line num="106" count="0" type="stmt"/>
            <line num="115" count="0" visibility="public" complexity="1" type="method" signature="getSPhoneCode() : java.lang.String"/>
            <line num="116" count="0" type="stmt"/>
            <line num="125" count="0" visibility="public" complexity="1" type="method" signature="setSPhoneCode(java.lang.String) : void"/>
            <line num="126" count="0" type="stmt"/>
            <line num="135" count="0" visibility="public" complexity="1" type="method" signature="getSContinentCode() : java.lang.String"/>
            <line num="136" count="0" type="stmt"/>
            <line num="145" count="0" visibility="public" complexity="1" type="method" signature="setSContinentCode(java.lang.String) : void"/>
            <line num="146" count="0" type="stmt"/>
            <line num="155" count="0" visibility="public" complexity="1" type="method" signature="getSCurrencyISOCode() : java.lang.String"/>
            <line num="156" count="0" type="stmt"/>
            <line num="165" count="0" visibility="public" complexity="1" type="method" signature="setSCurrencyISOCode(java.lang.String) : void"/>
            <line num="166" count="0" type="stmt"/>
            <line num="175" count="0" visibility="public" complexity="1" type="method" signature="getSCountryFlag() : java.lang.String"/>
            <line num="176" count="0" type="stmt"/>
            <line num="185" count="0" visibility="public" complexity="1" type="method" signature="setSCountryFlag(java.lang.String) : void"/>
            <line num="186" count="0" type="stmt"/>
            <line num="195" count="0" visibility="public" complexity="1" type="method" signature="getLanguages() : org.oorsprong.www.websamples_countryinfo.TLanguage[]"/>
            <line num="196" count="0" type="stmt"/>
            <line num="205" count="0" visibility="public" complexity="1" type="method" signature="setLanguages(org.oorsprong.www.websamples_countryinfo.TLanguage[]) : void"/>
            <line num="206" count="0" type="stmt"/>
            <line num="210" count="0" visibility="public" complexity="5" type="method" signature="equals(java.lang.Object) : boolean"/>
            <line num="211" count="0" type="stmt"/>
            <line num="211" count="0" type="stmt"/>
            <line num="211" falsecount="0" type="cond" truecount="0"/>
            <line num="212" count="0" type="stmt"/>
            <line num="213" count="0" type="stmt"/>
            <line num="213" count="0" type="stmt"/>
            <line num="213" falsecount="0" type="cond" truecount="0"/>
            <line num="214" count="0" type="stmt"/>
            <line num="214" count="0" type="stmt"/>
            <line num="214" falsecount="0" type="cond" truecount="0"/>
            <line num="215" count="0" type="stmt"/>
            <line num="215" falsecount="0" type="cond" truecount="0"/>
            <line num="216" count="0" type="stmt"/>
            <line num="218" count="0" type="stmt"/>
            <line num="219" count="0" type="stmt"/>
            <line num="220" count="0" type="stmt"/>
            <line num="245" count="0" type="stmt"/>
            <line num="246" count="0" type="stmt"/>
            <line num="250" count="0" visibility="public" complexity="13" type="method" signature="hashCode() : int"/>
            <line num="251" count="0" type="stmt"/>
            <line num="251" falsecount="0" type="cond" truecount="0"/>
            <line num="252" count="0" type="stmt"/>
            <line num="254" count="0" type="stmt"/>
            <line num="255" count="0" type="stmt"/>
            <line num="256" count="0" type="stmt"/>
            <line num="256" falsecount="0" type="cond" truecount="0"/>
            <line num="257" count="0" type="stmt"/>
            <line num="259" count="0" type="stmt"/>
            <line num="259" falsecount="0" type="cond" truecount="0"/>
            <line num="260" count="0" type="stmt"/>
            <line num="262" count="0" type="stmt"/>
            <line num="262" falsecount="0" type="cond" truecount="0"/>
            <line num="263" count="0" type="stmt"/>
            <line num="265" count="0" type="stmt"/>
            <line num="265" falsecount="0" type="cond" truecount="0"/>
            <line num="266" count="0" type="stmt"/>
            <line num="268" count="0" type="stmt"/>
            <line num="268" falsecount="0" type="cond" truecount="0"/>
            <line num="269" count="0" type="stmt"/>
            <line num="271" count="0" type="stmt"/>
            <line num="271" falsecount="0" type="cond" truecount="0"/>
            <line num="272" count="0" type="stmt"/>
            <line num="274" count="0" type="stmt"/>
            <line num="274" falsecount="0" type="cond" truecount="0"/>
            <line num="275" count="0" type="stmt"/>
            <line num="277" count="0" type="stmt"/>
            <line num="277" falsecount="0" type="cond" truecount="0"/>
            <line num="278" count="0" type="stmt"/>
            <line num="279" falsecount="0" type="cond" truecount="0"/>
            <line num="281" count="0" type="stmt"/>
            <line num="282" count="0" type="stmt"/>
            <line num="282" falsecount="0" type="cond" truecount="0"/>
            <line num="284" count="0" type="stmt"/>
            <line num="288" count="0" type="stmt"/>
            <line num="289" count="0" type="stmt"/>
            <line num="296" count="0" visibility="package" complexity="1" type="method" signature="&lt;clinit&gt;, line 296()"/>
            <line num="297" count="0" type="stmt"/>
            <line num="298" count="0" type="stmt"/>
            <line num="299" count="0" type="stmt"/>
            <line num="300" count="0" type="stmt"/>
            <line num="301" count="0" type="stmt"/>
            <line num="302" count="0" type="stmt"/>
            <line num="303" count="0" type="stmt"/>
            <line num="304" count="0" type="stmt"/>
            <line num="305" count="0" type="stmt"/>
            <line num="306" count="0" type="stmt"/>
            <line num="307" count="0" type="stmt"/>
            <line num="308" count="0" type="stmt"/>
            <line num="309" count="0" type="stmt"/>
            <line num="310" count="0" type="stmt"/>
            <line num="311" count="0" type="stmt"/>
            <line num="312" count="0" type="stmt"/>
            <line num="313" count="0" type="stmt"/>
            <line num="314" count="0" type="stmt"/>
            <line num="315" count="0" type="stmt"/>
            <line num="316" count="0" type="stmt"/>
            <line num="317" count="0" type="stmt"/>
            <line num="318" count="0" type="stmt"/>
            <line num="319" count="0" type="stmt"/>
            <line num="320" count="0" type="stmt"/>
            <line num="321" count="0" type="stmt"/>
            <line num="322" count="0" type="stmt"/>
            <line num="323" count="0" type="stmt"/>
            <line num="324" count="0" type="stmt"/>
            <line num="325" count="0" type="stmt"/>
            <line num="326" count="0" type="stmt"/>
            <line num="327" count="0" type="stmt"/>
            <line num="328" count="0" type="stmt"/>
            <line num="329" count="0" type="stmt"/>
            <line num="330" count="0" type="stmt"/>
            <line num="331" count="0" type="stmt"/>
            <line num="332" count="0" type="stmt"/>
            <line num="333" count="0" type="stmt"/>
            <line num="334" count="0" type="stmt"/>
            <line num="335" count="0" type="stmt"/>
            <line num="336" count="0" type="stmt"/>
            <line num="337" count="0" type="stmt"/>
            <line num="338" count="0" type="stmt"/>
            <line num="339" count="0" type="stmt"/>
            <line num="340" count="0" type="stmt"/>
            <line num="341" count="0" type="stmt"/>
            <line num="342" count="0" type="stmt"/>
            <line num="343" count="0" type="stmt"/>
            <line num="344" count="0" type="stmt"/>
            <line num="345" count="0" type="stmt"/>
            <line num="346" count="0" type="stmt"/>
            <line num="352" count="0" visibility="public" complexity="1" type="method" signature="getTypeDesc() : org.apache.axis.description.TypeDesc"/>
            <line num="353" count="0" type="stmt"/>
            <line num="359" count="0" visibility="public" complexity="1" type="method" signature="getSerializer(java.lang.String,java.lang.Class,javax.xml.namespace.QName) : org.apache.axis.encoding.Serializer"/>
            <line num="363" count="0" type="stmt"/>
            <line num="371" count="0" visibility="public" complexity="1" type="method" signature="getDeserializer(java.lang.String,java.lang.Class,javax.xml.namespace.QName) : org.apache.axis.encoding.Deserializer"/>
            <line num="375" count="0" type="stmt"/>
         </file>
         <file name="TCountryCodeAndNameGroupedByContinent.java" path="C:\Users\ashani.basu\Google Drive\WorkSpace\ServiceHome\src\main\java\org\oorsprong\www\websamples_countryinfo\TCountryCodeAndNameGroupedByContinent.java">
            <metrics classes="1" methods="12" conditionals="18" ncloc="107" coveredstatements="0" coveredmethods="0" complexity="22" coveredconditionals="0" statements="50" loc="164" coveredelements="0" elements="80"/>
            <class name="TCountryCodeAndNameGroupedByContinent">
               <metrics methods="12" conditionals="18" coveredstatements="0" coveredmethods="0" complexity="22" coveredconditionals="0" statements="50" coveredelements="0" elements="80"/>
            </class>
            <line num="15" count="0" visibility="public" complexity="1" type="method" signature="TCountryCodeAndNameGroupedByContinent()"/>
            <line num="18" count="0" visibility="public" complexity="1" type="method" signature="TCountryCodeAndNameGroupedByContinent(org.oorsprong.www.websamples_countryinfo.TContinent,org.oorsprong.www.websamples_countryinfo.TCountryCodeAndName[])"/>
            <line num="21" count="0" type="stmt"/>
            <line num="22" count="0" type="stmt"/>
            <line num="31" count="0" visibility="public" complexity="1" type="method" signature="getContinent() : org.oorsprong.www.websamples_countryinfo.TContinent"/>
            <line num="32" count="0" type="stmt"/>
            <line num="41" count="0" visibility="public" complexity="1" type="method" signature="setContinent(org.oorsprong.www.websamples_countryinfo.TContinent) : void"/>
            <line num="42" count="0" type="stmt"/>
            <line num="51" count="0" visibility="public" complexity="1" type="method" signature="getCountryCodeAndNames() : org.oorsprong.www.websamples_countryinfo.TCountryCodeAndName[]"/>
            <line num="52" count="0" type="stmt"/>
            <line num="61" count="0" visibility="public" complexity="1" type="method" signature="setCountryCodeAndNames(org.oorsprong.www.websamples_countryinfo.TCountryCodeAndName[]) : void"/>
            <line num="62" count="0" type="stmt"/>
            <line num="66" count="0" visibility="public" complexity="5" type="method" signature="equals(java.lang.Object) : boolean"/>
            <line num="67" count="0" type="stmt"/>
            <line num="67" count="0" type="stmt"/>
            <line num="67" falsecount="0" type="cond" truecount="0"/>
            <line num="68" count="0" type="stmt"/>
            <line num="69" count="0" type="stmt"/>
            <line num="69" count="0" type="stmt"/>
            <line num="69" falsecount="0" type="cond" truecount="0"/>
            <line num="70" count="0" type="stmt"/>
            <line num="70" count="0" type="stmt"/>
            <line num="70" falsecount="0" type="cond" truecount="0"/>
            <line num="71" count="0" type="stmt"/>
            <line num="71" falsecount="0" type="cond" truecount="0"/>
            <line num="72" count="0" type="stmt"/>
            <line num="74" count="0" type="stmt"/>
            <line num="75" count="0" type="stmt"/>
            <line num="76" count="0" type="stmt"/>
            <line num="83" count="0" type="stmt"/>
            <line num="84" count="0" type="stmt"/>
            <line num="88" count="0" visibility="public" complexity="7" type="method" signature="hashCode() : int"/>
            <line num="89" count="0" type="stmt"/>
            <line num="89" falsecount="0" type="cond" truecount="0"/>
            <line num="90" count="0" type="stmt"/>
            <line num="92" count="0" type="stmt"/>
            <line num="93" count="0" type="stmt"/>
            <line num="94" count="0" type="stmt"/>
            <line num="94" falsecount="0" type="cond" truecount="0"/>
            <line num="95" count="0" type="stmt"/>
            <line num="97" count="0" type="stmt"/>
            <line num="97" falsecount="0" type="cond" truecount="0"/>
            <line num="98" count="0" type="stmt"/>
            <line num="99" falsecount="0" type="cond" truecount="0"/>
            <line num="101" count="0" type="stmt"/>
            <line num="102" count="0" type="stmt"/>
            <line num="102" falsecount="0" type="cond" truecount="0"/>
            <line num="104" count="0" type="stmt"/>
            <line num="108" count="0" type="stmt"/>
            <line num="109" count="0" type="stmt"/>
            <line num="116" count="0" visibility="package" complexity="1" type="method" signature="&lt;clinit&gt;, line 116()"/>
            <line num="117" count="0" type="stmt"/>
            <line num="118" count="0" type="stmt"/>
            <line num="119" count="0" type="stmt"/>
            <line num="120" count="0" type="stmt"/>
            <line num="121" count="0" type="stmt"/>
            <line num="122" count="0" type="stmt"/>
            <line num="123" count="0" type="stmt"/>
            <line num="124" count="0" type="stmt"/>
            <line num="125" count="0" type="stmt"/>
            <line num="126" count="0" type="stmt"/>
            <line num="127" count="0" type="stmt"/>
            <line num="128" count="0" type="stmt"/>
            <line num="129" count="0" type="stmt"/>
            <line num="130" count="0" type="stmt"/>
            <line num="136" count="0" visibility="public" complexity="1" type="method" signature="getTypeDesc() : org.apache.axis.description.TypeDesc"/>
            <line num="137" count="0" type="stmt"/>
            <line num="143" count="0" visibility="public" complexity="1" type="method" signature="getSerializer(java.lang.String,java.lang.Class,javax.xml.namespace.QName) : org.apache.axis.encoding.Serializer"/>
            <line num="147" count="0" type="stmt"/>
            <line num="155" count="0" visibility="public" complexity="1" type="method" signature="getDeserializer(java.lang.String,java.lang.Class,javax.xml.namespace.QName) : org.apache.axis.encoding.Deserializer"/>
            <line num="159" count="0" type="stmt"/>
         </file>
         <file name="TCountryCodeAndName.java" path="C:\Users\ashani.basu\Google Drive\WorkSpace\ServiceHome\src\main\java\org\oorsprong\www\websamples_countryinfo\TCountryCodeAndName.java">
            <metrics classes="1" methods="12" conditionals="14" ncloc="98" coveredstatements="0" coveredmethods="0" complexity="19" coveredconditionals="0" statements="46" loc="155" coveredelements="0" elements="72"/>
            <class name="TCountryCodeAndName">
               <metrics methods="12" conditionals="14" coveredstatements="0" coveredmethods="0" complexity="19" coveredconditionals="0" statements="46" coveredelements="0" elements="72"/>
            </class>
            <line num="15" count="0" visibility="public" complexity="1" type="method" signature="TCountryCodeAndName()"/>
            <line num="18" count="0" visibility="public" complexity="1" type="method" signature="TCountryCodeAndName(java.lang.String,java.lang.String)"/>
            <line num="21" count="0" type="stmt"/>
            <line num="22" count="0" type="stmt"/>
            <line num="31" count="0" visibility="public" complexity="1" type="method" signature="getSISOCode() : java.lang.String"/>
            <line num="32" count="0" type="stmt"/>
            <line num="41" count="0" visibility="public" complexity="1" type="method" signature="setSISOCode(java.lang.String) : void"/>
            <line num="42" count="0" type="stmt"/>
            <line num="51" count="0" visibility="public" complexity="1" type="method" signature="getSName() : java.lang.String"/>
            <line num="52" count="0" type="stmt"/>
            <line num="61" count="0" visibility="public" complexity="1" type="method" signature="setSName(java.lang.String) : void"/>
            <line num="62" count="0" type="stmt"/>
            <line num="66" count="0" visibility="public" complexity="5" type="method" signature="equals(java.lang.Object) : boolean"/>
            <line num="67" count="0" type="stmt"/>
            <line num="67" count="0" type="stmt"/>
            <line num="67" falsecount="0" type="cond" truecount="0"/>
            <line num="68" count="0" type="stmt"/>
            <line num="69" count="0" type="stmt"/>
            <line num="69" count="0" type="stmt"/>
            <line num="69" falsecount="0" type="cond" truecount="0"/>
            <line num="70" count="0" type="stmt"/>
            <line num="70" count="0" type="stmt"/>
            <line num="70" falsecount="0" type="cond" truecount="0"/>
            <line num="71" count="0" type="stmt"/>
            <line num="71" falsecount="0" type="cond" truecount="0"/>
            <line num="72" count="0" type="stmt"/>
            <line num="74" count="0" type="stmt"/>
            <line num="75" count="0" type="stmt"/>
            <line num="76" count="0" type="stmt"/>
            <line num="83" count="0" type="stmt"/>
            <line num="84" count="0" type="stmt"/>
            <line num="88" count="0" visibility="public" complexity="4" type="method" signature="hashCode() : int"/>
            <line num="89" count="0" type="stmt"/>
            <line num="89" falsecount="0" type="cond" truecount="0"/>
            <line num="90" count="0" type="stmt"/>
            <line num="92" count="0" type="stmt"/>
            <line num="93" count="0" type="stmt"/>
            <line num="94" count="0" type="stmt"/>
            <line num="94" falsecount="0" type="cond" truecount="0"/>
            <line num="95" count="0" type="stmt"/>
            <line num="97" count="0" type="stmt"/>
            <line num="97" falsecount="0" type="cond" truecount="0"/>
            <line num="98" count="0" type="stmt"/>
            <line num="100" count="0" type="stmt"/>
            <line num="101" count="0" type="stmt"/>
            <line num="108" count="0" visibility="package" complexity="1" type="method" signature="&lt;clinit&gt;, line 108()"/>
            <line num="109" count="0" type="stmt"/>
            <line num="110" count="0" type="stmt"/>
            <line num="111" count="0" type="stmt"/>
            <line num="112" count="0" type="stmt"/>
            <line num="113" count="0" type="stmt"/>
            <line num="114" count="0" type="stmt"/>
            <line num="115" count="0" type="stmt"/>
            <line num="116" count="0" type="stmt"/>
            <line num="117" count="0" type="stmt"/>
            <line num="118" count="0" type="stmt"/>
            <line num="119" count="0" type="stmt"/>
            <line num="120" count="0" type="stmt"/>
            <line num="121" count="0" type="stmt"/>
            <line num="127" count="0" visibility="public" complexity="1" type="method" signature="getTypeDesc() : org.apache.axis.description.TypeDesc"/>
            <line num="128" count="0" type="stmt"/>
            <line num="134" count="0" visibility="public" complexity="1" type="method" signature="getSerializer(java.lang.String,java.lang.Class,javax.xml.namespace.QName) : org.apache.axis.encoding.Serializer"/>
            <line num="138" count="0" type="stmt"/>
            <line num="146" count="0" visibility="public" complexity="1" type="method" signature="getDeserializer(java.lang.String,java.lang.Class,javax.xml.namespace.QName) : org.apache.axis.encoding.Deserializer"/>
            <line num="150" count="0" type="stmt"/>
         </file>
         <file name="TContinent.java" path="C:\Users\ashani.basu\Google Drive\WorkSpace\ServiceHome\src\main\java\org\oorsprong\www\websamples_countryinfo\TContinent.java">
            <metrics classes="1" methods="12" conditionals="14" ncloc="98" coveredstatements="0" coveredmethods="0" complexity="19" coveredconditionals="0" statements="46" loc="155" coveredelements="0" elements="72"/>
            <class name="TContinent">
               <metrics methods="12" conditionals="14" coveredstatements="0" coveredmethods="0" complexity="19" coveredconditionals="0" statements="46" coveredelements="0" elements="72"/>
            </class>
            <line num="15" count="0" visibility="public" complexity="1" type="method" signature="TContinent()"/>
            <line num="18" count="0" visibility="public" complexity="1" type="method" signature="TContinent(java.lang.String,java.lang.String)"/>
            <line num="21" count="0" type="stmt"/>
            <line num="22" count="0" type="stmt"/>
            <line num="31" count="0" visibility="public" complexity="1" type="method" signature="getSCode() : java.lang.String"/>
            <line num="32" count="0" type="stmt"/>
            <line num="41" count="0" visibility="public" complexity="1" type="method" signature="setSCode(java.lang.String) : void"/>
            <line num="42" count="0" type="stmt"/>
            <line num="51" count="0" visibility="public" complexity="1" type="method" signature="getSName() : java.lang.String"/>
            <line num="52" count="0" type="stmt"/>
            <line num="61" count="0" visibility="public" complexity="1" type="method" signature="setSName(java.lang.String) : void"/>
            <line num="62" count="0" type="stmt"/>
            <line num="66" count="0" visibility="public" complexity="5" type="method" signature="equals(java.lang.Object) : boolean"/>
            <line num="67" count="0" type="stmt"/>
            <line num="67" count="0" type="stmt"/>
            <line num="67" falsecount="0" type="cond" truecount="0"/>
            <line num="68" count="0" type="stmt"/>
            <line num="69" count="0" type="stmt"/>
            <line num="69" count="0" type="stmt"/>
            <line num="69" falsecount="0" type="cond" truecount="0"/>
            <line num="70" count="0" type="stmt"/>
            <line num="70" count="0" type="stmt"/>
            <line num="70" falsecount="0" type="cond" truecount="0"/>
            <line num="71" count="0" type="stmt"/>
            <line num="71" falsecount="0" type="cond" truecount="0"/>
            <line num="72" count="0" type="stmt"/>
            <line num="74" count="0" type="stmt"/>
            <line num="75" count="0" type="stmt"/>
            <line num="76" count="0" type="stmt"/>
            <line num="83" count="0" type="stmt"/>
            <line num="84" count="0" type="stmt"/>
            <line num="88" count="0" visibility="public" complexity="4" type="method" signature="hashCode() : int"/>
            <line num="89" count="0" type="stmt"/>
            <line num="89" falsecount="0" type="cond" truecount="0"/>
            <line num="90" count="0" type="stmt"/>
            <line num="92" count="0" type="stmt"/>
            <line num="93" count="0" type="stmt"/>
            <line num="94" count="0" type="stmt"/>
            <line num="94" falsecount="0" type="cond" truecount="0"/>
            <line num="95" count="0" type="stmt"/>
            <line num="97" count="0" type="stmt"/>
            <line num="97" falsecount="0" type="cond" truecount="0"/>
            <line num="98" count="0" type="stmt"/>
            <line num="100" count="0" type="stmt"/>
            <line num="101" count="0" type="stmt"/>
            <line num="108" count="0" visibility="package" complexity="1" type="method" signature="&lt;clinit&gt;, line 108()"/>
            <line num="109" count="0" type="stmt"/>
            <line num="110" count="0" type="stmt"/>
            <line num="111" count="0" type="stmt"/>
            <line num="112" count="0" type="stmt"/>
            <line num="113" count="0" type="stmt"/>
            <line num="114" count="0" type="stmt"/>
            <line num="115" count="0" type="stmt"/>
            <line num="116" count="0" type="stmt"/>
            <line num="117" count="0" type="stmt"/>
            <line num="118" count="0" type="stmt"/>
            <line num="119" count="0" type="stmt"/>
            <line num="120" count="0" type="stmt"/>
            <line num="121" count="0" type="stmt"/>
            <line num="127" count="0" visibility="public" complexity="1" type="method" signature="getTypeDesc() : org.apache.axis.description.TypeDesc"/>
            <line num="128" count="0" type="stmt"/>
            <line num="134" count="0" visibility="public" complexity="1" type="method" signature="getSerializer(java.lang.String,java.lang.Class,javax.xml.namespace.QName) : org.apache.axis.encoding.Serializer"/>
            <line num="138" count="0" type="stmt"/>
            <line num="146" count="0" visibility="public" complexity="1" type="method" signature="getDeserializer(java.lang.String,java.lang.Class,javax.xml.namespace.QName) : org.apache.axis.encoding.Deserializer"/>
            <line num="150" count="0" type="stmt"/>
         </file>
         <file name="CountryInfoServiceSoapTypeProxy.java" path="C:\Users\ashani.basu\Google Drive\WorkSpace\ServiceHome\src\main\java\org\oorsprong\www\websamples_countryinfo\CountryInfoServiceSoapTypeProxy.java">
            <metrics classes="1" methods="27" conditionals="50" ncloc="141" coveredstatements="0" coveredmethods="0" complexity="53" coveredconditionals="0" statements="79" loc="174" coveredelements="0" elements="156"/>
            <class name="CountryInfoServiceSoapTypeProxy">
               <metrics methods="27" conditionals="50" coveredstatements="0" coveredmethods="0" complexity="53" coveredconditionals="0" statements="79" coveredelements="0" elements="156"/>
            </class>
            <line num="7" count="0" visibility="public" complexity="1" type="method" signature="CountryInfoServiceSoapTypeProxy()"/>
            <line num="8" count="0" type="stmt"/>
            <line num="11" count="0" visibility="public" complexity="1" type="method" signature="CountryInfoServiceSoapTypeProxy(String)"/>
            <line num="12" count="0" type="stmt"/>
            <line num="13" count="0" type="stmt"/>
            <line num="16" count="0" visibility="private" complexity="4" type="method" signature="_initCountryInfoServiceSoapTypeProxy() : void"/>
            <line num="17" count="0" type="stmt"/>
            <line num="18" count="0" type="stmt"/>
            <line num="19" count="0" type="stmt"/>
            <line num="19" falsecount="0" type="cond" truecount="0"/>
            <line num="20" count="0" type="stmt"/>
            <line num="20" falsecount="0" type="cond" truecount="0"/>
            <line num="21" count="0" type="stmt"/>
            <line num="23" count="0" type="stmt"/>
            <line num="30" count="0" visibility="public" complexity="1" type="method" signature="getEndpoint() : String"/>
            <line num="31" count="0" type="stmt"/>
            <line num="34" count="0" visibility="public" complexity="2" type="method" signature="setEndpoint(String) : void"/>
            <line num="35" count="0" type="stmt"/>
            <line num="36" count="0" type="stmt"/>
            <line num="36" falsecount="0" type="cond" truecount="0"/>
            <line num="37" count="0" type="stmt"/>
            <line num="41" count="0" visibility="public" complexity="2" type="method" signature="getCountryInfoServiceSoapType() : org.oorsprong.www.websamples_countryinfo.CountryInfoServiceSoapType"/>
            <line num="42" count="0" type="stmt"/>
            <line num="42" falsecount="0" type="cond" truecount="0"/>
            <line num="43" count="0" type="stmt"/>
            <line num="44" count="0" type="stmt"/>
            <line num="47" count="0" visibility="public" complexity="2" type="method" signature="listOfContinentsByName() : org.oorsprong.www.websamples_countryinfo.TContinent[]"/>
            <line num="48" count="0" type="stmt"/>
            <line num="48" falsecount="0" type="cond" truecount="0"/>
            <line num="49" count="0" type="stmt"/>
            <line num="50" count="0" type="stmt"/>
            <line num="53" count="0" visibility="public" complexity="2" type="method" signature="listOfContinentsByCode() : org.oorsprong.www.websamples_countryinfo.TContinent[]"/>
            <line num="54" count="0" type="stmt"/>
            <line num="54" falsecount="0" type="cond" truecount="0"/>
            <line num="55" count="0" type="stmt"/>
            <line num="56" count="0" type="stmt"/>
            <line num="59" count="0" visibility="public" complexity="2" type="method" signature="listOfCurrenciesByName() : org.oorsprong.www.websamples_countryinfo.TCurrency[]"/>
            <line num="60" count="0" type="stmt"/>
            <line num="60" falsecount="0" type="cond" truecount="0"/>
            <line num="61" count="0" type="stmt"/>
            <line num="62" count="0" type="stmt"/>
            <line num="65" count="0" visibility="public" complexity="2" type="method" signature="listOfCurrenciesByCode() : org.oorsprong.www.websamples_countryinfo.TCurrency[]"/>
            <line num="66" count="0" type="stmt"/>
            <line num="66" falsecount="0" type="cond" truecount="0"/>
            <line num="67" count="0" type="stmt"/>
            <line num="68" count="0" type="stmt"/>
            <line num="71" count="0" visibility="public" complexity="2" type="method" signature="currencyName(java.lang.String) : java.lang.String"/>
            <line num="72" count="0" type="stmt"/>
            <line num="72" falsecount="0" type="cond" truecount="0"/>
            <line num="73" count="0" type="stmt"/>
            <line num="74" count="0" type="stmt"/>
            <line num="77" count="0" visibility="public" complexity="2" type="method" signature="listOfCountryNamesByCode() : org.oorsprong.www.websamples_countryinfo.TCountryCodeAndName[]"/>
            <line num="78" count="0" type="stmt"/>
            <line num="78" falsecount="0" type="cond" truecount="0"/>
            <line num="79" count="0" type="stmt"/>
            <line num="80" count="0" type="stmt"/>
            <line num="83" count="0" visibility="public" complexity="2" type="method" signature="listOfCountryNamesByName() : org.oorsprong.www.websamples_countryinfo.TCountryCodeAndName[]"/>
            <line num="84" count="0" type="stmt"/>
            <line num="84" falsecount="0" type="cond" truecount="0"/>
            <line num="85" count="0" type="stmt"/>
            <line num="86" count="0" type="stmt"/>
            <line num="89" count="0" visibility="public" complexity="2" type="method" signature="listOfCountryNamesGroupedByContinent() : org.oorsprong.www.websamples_countryinfo.TCountryCodeAndNameGroupedByContinent[]"/>
            <line num="90" count="0" type="stmt"/>
            <line num="90" falsecount="0" type="cond" truecount="0"/>
            <line num="91" count="0" type="stmt"/>
            <line num="92" count="0" type="stmt"/>
            <line num="95" count="0" visibility="public" complexity="2" type="method" signature="countryName(java.lang.String) : java.lang.String"/>
            <line num="96" count="0" type="stmt"/>
            <line num="96" falsecount="0" type="cond" truecount="0"/>
            <line num="97" count="0" type="stmt"/>
            <line num="98" count="0" type="stmt"/>
            <line num="101" count="0" visibility="public" complexity="2" type="method" signature="countryISOCode(java.lang.String) : java.lang.String"/>
            <line num="102" count="0" type="stmt"/>
            <line num="102" falsecount="0" type="cond" truecount="0"/>
            <line num="103" count="0" type="stmt"/>
            <line num="104" count="0" type="stmt"/>
            <line num="107" count="0" visibility="public" complexity="2" type="method" signature="capitalCity(java.lang.String) : java.lang.String"/>
            <line num="108" count="0" type="stmt"/>
            <line num="108" falsecount="0" type="cond" truecount="0"/>
            <line num="109" count="0" type="stmt"/>
            <line num="110" count="0" type="stmt"/>
            <line num="113" count="0" visibility="public" complexity="2" type="method" signature="countryCurrency(java.lang.String) : org.oorsprong.www.websamples_countryinfo.TCurrency"/>
            <line num="114" count="0" type="stmt"/>
            <line num="114" falsecount="0" type="cond" truecount="0"/>
            <line num="115" count="0" type="stmt"/>
            <line num="116" count="0" type="stmt"/>
            <line num="119" count="0" visibility="public" complexity="2" type="method" signature="countryFlag(java.lang.String) : java.lang.String"/>
            <line num="120" count="0" type="stmt"/>
            <line num="120" falsecount="0" type="cond" truecount="0"/>
            <line num="121" count="0" type="stmt"/>
            <line num="122" count="0" type="stmt"/>
            <line num="125" count="0" visibility="public" complexity="2" type="method" signature="countryIntPhoneCode(java.lang.String) : java.lang.String"/>
            <line num="126" count="0" type="stmt"/>
            <line num="126" falsecount="0" type="cond" truecount="0"/>
            <line num="127" count="0" type="stmt"/>
            <line num="128" count="0" type="stmt"/>
            <line num="131" count="0" visibility="public" complexity="2" type="method" signature="fullCountryInfo(java.lang.String) : org.oorsprong.www.websamples_countryinfo.TCountryInfo"/>
            <line num="132" count="0" type="stmt"/>
            <line num="132" falsecount="0" type="cond" truecount="0"/>
            <line num="133" count="0" type="stmt"/>
            <line num="134" count="0" type="stmt"/>
            <line num="137" count="0" visibility="public" complexity="2" type="method" signature="fullCountryInfoAllCountries() : org.oorsprong.www.websamples_countryinfo.TCountryInfo[]"/>
            <line num="138" count="0" type="stmt"/>
            <line num="138" falsecount="0" type="cond" truecount="0"/>
            <line num="139" count="0" type="stmt"/>
            <line num="140" count="0" type="stmt"/>
            <line num="143" count="0" visibility="public" complexity="2" type="method" signature="countriesUsingCurrency(java.lang.String) : org.oorsprong.www.websamples_countryinfo.TCountryCodeAndName[]"/>
            <line num="144" count="0" type="stmt"/>
            <line num="144" falsecount="0" type="cond" truecount="0"/>
            <line num="145" count="0" type="stmt"/>
            <line num="146" count="0" type="stmt"/>
            <line num="149" count="0" visibility="public" complexity="2" type="method" signature="listOfLanguagesByName() : org.oorsprong.www.websamples_countryinfo.TLanguage[]"/>
            <line num="150" count="0" type="stmt"/>
            <line num="150" falsecount="0" type="cond" truecount="0"/>
            <line num="151" count="0" type="stmt"/>
            <line num="152" count="0" type="stmt"/>
            <line num="155" count="0" visibility="public" complexity="2" type="method" signature="listOfLanguagesByCode() : org.oorsprong.www.websamples_countryinfo.TLanguage[]"/>
            <line num="156" count="0" type="stmt"/>
            <line num="156" falsecount="0" type="cond" truecount="0"/>
            <line num="157" count="0" type="stmt"/>
            <line num="158" count="0" type="stmt"/>
            <line num="161" count="0" visibility="public" complexity="2" type="method" signature="languageName(java.lang.String) : java.lang.String"/>
            <line num="162" count="0" type="stmt"/>
            <line num="162" falsecount="0" type="cond" truecount="0"/>
            <line num="163" count="0" type="stmt"/>
            <line num="164" count="0" type="stmt"/>
            <line num="167" count="0" visibility="public" complexity="2" type="method" signature="languageISOCode(java.lang.String) : java.lang.String"/>
            <line num="168" count="0" type="stmt"/>
            <line num="168" falsecount="0" type="cond" truecount="0"/>
            <line num="169" count="0" type="stmt"/>
            <line num="170" count="0" type="stmt"/>
         </file>
         <file name="CountryInfoServiceSoapType.java" path="C:\Users\ashani.basu\Google Drive\WorkSpace\ServiceHome\src\main\java\org\oorsprong\www\websamples_countryinfo\CountryInfoServiceSoapType.java">
            <metrics classes="1" methods="0" conditionals="0" ncloc="24" coveredstatements="0" coveredmethods="0" complexity="0" coveredconditionals="0" statements="0" loc="124" coveredelements="0" elements="0"/>
            <class name="CountryInfoServiceSoapType">
               <metrics methods="0" conditionals="0" coveredstatements="0" coveredmethods="0" complexity="0" coveredconditionals="0" statements="0" coveredelements="0" elements="0"/>
            </class>
         </file>
         <file name="CountryInfoServiceSoapBindingStub.java" path="C:\Users\ashani.basu\Google Drive\WorkSpace\ServiceHome\src\main\java\org\oorsprong\www\websamples_countryinfo\CountryInfoServiceSoapBindingStub.java">
            <metrics classes="1" methods="29" conditionals="108" ncloc="1058" coveredstatements="0" coveredmethods="0" complexity="126" coveredconditionals="0" statements="823" loc="1178" coveredelements="0" elements="960"/>
            <class name="CountryInfoServiceSoapBindingStub">
               <metrics methods="29" conditionals="108" coveredstatements="0" coveredmethods="0" complexity="126" coveredconditionals="0" statements="823" coveredelements="0" elements="960"/>
            </class>
            <line num="18" count="0" visibility="package" complexity="1" type="method" signature="&lt;clinit&gt;, line 18()"/>
            <line num="19" count="0" type="stmt"/>
            <line num="20" count="0" type="stmt"/>
            <line num="21" count="0" type="stmt"/>
            <line num="22" count="0" type="stmt"/>
            <line num="25" count="0" visibility="private" complexity="1" type="method" signature="_initOperationDesc1() : void"/>
            <line num="26" count="0" type="stmt"/>
            <line num="27" count="0" type="stmt"/>
            <line num="28" count="0" type="stmt"/>
            <line num="29" count="0" type="stmt"/>
            <line num="30" count="0" type="stmt"/>
            <line num="31" count="0" type="stmt"/>
            <line num="32" count="0" type="stmt"/>
            <line num="33" count="0" type="stmt"/>
            <line num="34" count="0" type="stmt"/>
            <line num="35" count="0" type="stmt"/>
            <line num="36" count="0" type="stmt"/>
            <line num="37" count="0" type="stmt"/>
            <line num="39" count="0" type="stmt"/>
            <line num="40" count="0" type="stmt"/>
            <line num="41" count="0" type="stmt"/>
            <line num="42" count="0" type="stmt"/>
            <line num="43" count="0" type="stmt"/>
            <line num="44" count="0" type="stmt"/>
            <line num="45" count="0" type="stmt"/>
            <line num="46" count="0" type="stmt"/>
            <line num="47" count="0" type="stmt"/>
            <line num="48" count="0" type="stmt"/>
            <line num="50" count="0" type="stmt"/>
            <line num="51" count="0" type="stmt"/>
            <line num="52" count="0" type="stmt"/>
            <line num="53" count="0" type="stmt"/>
            <line num="54" count="0" type="stmt"/>
            <line num="55" count="0" type="stmt"/>
            <line num="56" count="0" type="stmt"/>
            <line num="57" count="0" type="stmt"/>
            <line num="58" count="0" type="stmt"/>
            <line num="59" count="0" type="stmt"/>
            <line num="61" count="0" type="stmt"/>
            <line num="62" count="0" type="stmt"/>
            <line num="63" count="0" type="stmt"/>
            <line num="64" count="0" type="stmt"/>
            <line num="65" count="0" type="stmt"/>
            <line num="66" count="0" type="stmt"/>
            <line num="67" count="0" type="stmt"/>
            <line num="68" count="0" type="stmt"/>
            <line num="69" count="0" type="stmt"/>
            <line num="70" count="0" type="stmt"/>
            <line num="72" count="0" type="stmt"/>
            <line num="73" count="0" type="stmt"/>
            <line num="74" count="0" type="stmt"/>
            <line num="75" count="0" type="stmt"/>
            <line num="76" count="0" type="stmt"/>
            <line num="77" count="0" type="stmt"/>
            <line num="78" count="0" type="stmt"/>
            <line num="79" count="0" type="stmt"/>
            <line num="80" count="0" type="stmt"/>
            <line num="81" count="0" type="stmt"/>
            <line num="83" count="0" type="stmt"/>
            <line num="84" count="0" type="stmt"/>
            <line num="85" count="0" type="stmt"/>
            <line num="86" count="0" type="stmt"/>
            <line num="87" count="0" type="stmt"/>
            <line num="88" count="0" type="stmt"/>
            <line num="89" count="0" type="stmt"/>
            <line num="90" count="0" type="stmt"/>
            <line num="91" count="0" type="stmt"/>
            <line num="92" count="0" type="stmt"/>
            <line num="94" count="0" type="stmt"/>
            <line num="95" count="0" type="stmt"/>
            <line num="96" count="0" type="stmt"/>
            <line num="97" count="0" type="stmt"/>
            <line num="98" count="0" type="stmt"/>
            <line num="99" count="0" type="stmt"/>
            <line num="100" count="0" type="stmt"/>
            <line num="101" count="0" type="stmt"/>
            <line num="102" count="0" type="stmt"/>
            <line num="103" count="0" type="stmt"/>
            <line num="105" count="0" type="stmt"/>
            <line num="106" count="0" type="stmt"/>
            <line num="107" count="0" type="stmt"/>
            <line num="108" count="0" type="stmt"/>
            <line num="109" count="0" type="stmt"/>
            <line num="110" count="0" type="stmt"/>
            <line num="111" count="0" type="stmt"/>
            <line num="112" count="0" type="stmt"/>
            <line num="113" count="0" type="stmt"/>
            <line num="114" count="0" type="stmt"/>
            <line num="116" count="0" type="stmt"/>
            <line num="117" count="0" type="stmt"/>
            <line num="118" count="0" type="stmt"/>
            <line num="119" count="0" type="stmt"/>
            <line num="120" count="0" type="stmt"/>
            <line num="121" count="0" type="stmt"/>
            <line num="122" count="0" type="stmt"/>
            <line num="123" count="0" type="stmt"/>
            <line num="124" count="0" type="stmt"/>
            <line num="125" count="0" type="stmt"/>
            <line num="127" count="0" type="stmt"/>
            <line num="128" count="0" type="stmt"/>
            <line num="129" count="0" type="stmt"/>
            <line num="130" count="0" type="stmt"/>
            <line num="131" count="0" type="stmt"/>
            <line num="132" count="0" type="stmt"/>
            <line num="133" count="0" type="stmt"/>
            <line num="134" count="0" type="stmt"/>
            <line num="135" count="0" type="stmt"/>
            <line num="136" count="0" type="stmt"/>
            <line num="140" count="0" visibility="private" complexity="1" type="method" signature="_initOperationDesc2() : void"/>
            <line num="141" count="0" type="stmt"/>
            <line num="142" count="0" type="stmt"/>
            <line num="143" count="0" type="stmt"/>
            <line num="144" count="0" type="stmt"/>
            <line num="145" count="0" type="stmt"/>
            <line num="146" count="0" type="stmt"/>
            <line num="147" count="0" type="stmt"/>
            <line num="148" count="0" type="stmt"/>
            <line num="149" count="0" type="stmt"/>
            <line num="150" count="0" type="stmt"/>
            <line num="151" count="0" type="stmt"/>
            <line num="152" count="0" type="stmt"/>
            <line num="154" count="0" type="stmt"/>
            <line num="155" count="0" type="stmt"/>
            <line num="156" count="0" type="stmt"/>
            <line num="157" count="0" type="stmt"/>
            <line num="158" count="0" type="stmt"/>
            <line num="159" count="0" type="stmt"/>
            <line num="160" count="0" type="stmt"/>
            <line num="161" count="0" type="stmt"/>
            <line num="162" count="0" type="stmt"/>
            <line num="163" count="0" type="stmt"/>
            <line num="165" count="0" type="stmt"/>
            <line num="166" count="0" type="stmt"/>
            <line num="167" count="0" type="stmt"/>
            <line num="168" count="0" type="stmt"/>
            <line num="169" count="0" type="stmt"/>
            <line num="170" count="0" type="stmt"/>
            <line num="171" count="0" type="stmt"/>
            <line num="172" count="0" type="stmt"/>
            <line num="173" count="0" type="stmt"/>
            <line num="174" count="0" type="stmt"/>
            <line num="176" count="0" type="stmt"/>
            <line num="177" count="0" type="stmt"/>
            <line num="178" count="0" type="stmt"/>
            <line num="179" count="0" type="stmt"/>
            <line num="180" count="0" type="stmt"/>
            <line num="181" count="0" type="stmt"/>
            <line num="182" count="0" type="stmt"/>
            <line num="183" count="0" type="stmt"/>
            <line num="184" count="0" type="stmt"/>
            <line num="185" count="0" type="stmt"/>
            <line num="187" count="0" type="stmt"/>
            <line num="188" count="0" type="stmt"/>
            <line num="189" count="0" type="stmt"/>
            <line num="190" count="0" type="stmt"/>
            <line num="191" count="0" type="stmt"/>
            <line num="192" count="0" type="stmt"/>
            <line num="193" count="0" type="stmt"/>
            <line num="194" count="0" type="stmt"/>
            <line num="195" count="0" type="stmt"/>
            <line num="196" count="0" type="stmt"/>
            <line num="198" count="0" type="stmt"/>
            <line num="199" count="0" type="stmt"/>
            <line num="200" count="0" type="stmt"/>
            <line num="201" count="0" type="stmt"/>
            <line num="202" count="0" type="stmt"/>
            <line num="203" count="0" type="stmt"/>
            <line num="204" count="0" type="stmt"/>
            <line num="205" count="0" type="stmt"/>
            <line num="206" count="0" type="stmt"/>
            <line num="207" count="0" type="stmt"/>
            <line num="209" count="0" type="stmt"/>
            <line num="210" count="0" type="stmt"/>
            <line num="211" count="0" type="stmt"/>
            <line num="212" count="0" type="stmt"/>
            <line num="213" count="0" type="stmt"/>
            <line num="214" count="0" type="stmt"/>
            <line num="215" count="0" type="stmt"/>
            <line num="216" count="0" type="stmt"/>
            <line num="217" count="0" type="stmt"/>
            <line num="218" count="0" type="stmt"/>
            <line num="219" count="0" type="stmt"/>
            <line num="220" count="0" type="stmt"/>
            <line num="222" count="0" type="stmt"/>
            <line num="223" count="0" type="stmt"/>
            <line num="224" count="0" type="stmt"/>
            <line num="225" count="0" type="stmt"/>
            <line num="226" count="0" type="stmt"/>
            <line num="227" count="0" type="stmt"/>
            <line num="228" count="0" type="stmt"/>
            <line num="229" count="0" type="stmt"/>
            <line num="230" count="0" type="stmt"/>
            <line num="231" count="0" type="stmt"/>
            <line num="233" count="0" type="stmt"/>
            <line num="234" count="0" type="stmt"/>
            <line num="235" count="0" type="stmt"/>
            <line num="236" count="0" type="stmt"/>
            <line num="237" count="0" type="stmt"/>
            <line num="238" count="0" type="stmt"/>
            <line num="239" count="0" type="stmt"/>
            <line num="240" count="0" type="stmt"/>
            <line num="241" count="0" type="stmt"/>
            <line num="242" count="0" type="stmt"/>
            <line num="244" count="0" type="stmt"/>
            <line num="245" count="0" type="stmt"/>
            <line num="246" count="0" type="stmt"/>
            <line num="247" count="0" type="stmt"/>
            <line num="248" count="0" type="stmt"/>
            <line num="249" count="0" type="stmt"/>
            <line num="250" count="0" type="stmt"/>
            <line num="251" count="0" type="stmt"/>
            <line num="252" count="0" type="stmt"/>
            <line num="253" count="0" type="stmt"/>
            <line num="257" count="0" visibility="private" complexity="1" type="method" signature="_initOperationDesc3() : void"/>
            <line num="258" count="0" type="stmt"/>
            <line num="259" count="0" type="stmt"/>
            <line num="260" count="0" type="stmt"/>
            <line num="261" count="0" type="stmt"/>
            <line num="262" count="0" type="stmt"/>
            <line num="263" count="0" type="stmt"/>
            <line num="264" count="0" type="stmt"/>
            <line num="265" count="0" type="stmt"/>
            <line num="266" count="0" type="stmt"/>
            <line num="267" count="0" type="stmt"/>
            <line num="268" count="0" type="stmt"/>
            <line num="269" count="0" type="stmt"/>
            <line num="273" count="0" visibility="public" complexity="1" type="method" signature="CountryInfoServiceSoapBindingStub()"/>
            <line num="274" count="0" type="stmt"/>
            <line num="277" count="0" visibility="public" complexity="1" type="method" signature="CountryInfoServiceSoapBindingStub(java.net.URL,javax.xml.rpc.Service)"/>
            <line num="278" count="0" type="stmt"/>
            <line num="279" count="0" type="stmt"/>
            <line num="282" count="0" visibility="public" complexity="2" type="method" signature="CountryInfoServiceSoapBindingStub(javax.xml.rpc.Service)"/>
            <line num="283" count="0" type="stmt"/>
            <line num="283" falsecount="0" type="cond" truecount="0"/>
            <line num="284" count="0" type="stmt"/>
            <line num="286" count="0" type="stmt"/>
            <line num="288" count="0" type="stmt"/>
            <line num="289" count="0" type="stmt"/>
            <line num="290" count="0" type="stmt"/>
            <line num="291" count="0" type="stmt"/>
            <line num="292" count="0" type="stmt"/>
            <line num="293" count="0" type="stmt"/>
            <line num="294" count="0" type="stmt"/>
            <line num="295" count="0" type="stmt"/>
            <line num="296" count="0" type="stmt"/>
            <line num="297" count="0" type="stmt"/>
            <line num="298" count="0" type="stmt"/>
            <line num="299" count="0" type="stmt"/>
            <line num="300" count="0" type="stmt"/>
            <line num="301" count="0" type="stmt"/>
            <line num="302" count="0" type="stmt"/>
            <line num="303" count="0" type="stmt"/>
            <line num="304" count="0" type="stmt"/>
            <line num="305" count="0" type="stmt"/>
            <line num="306" count="0" type="stmt"/>
            <line num="307" count="0" type="stmt"/>
            <line num="308" count="0" type="stmt"/>
            <line num="309" count="0" type="stmt"/>
            <line num="311" count="0" type="stmt"/>
            <line num="312" count="0" type="stmt"/>
            <line num="313" count="0" type="stmt"/>
            <line num="314" count="0" type="stmt"/>
            <line num="315" count="0" type="stmt"/>
            <line num="316" count="0" type="stmt"/>
            <line num="317" count="0" type="stmt"/>
            <line num="318" count="0" type="stmt"/>
            <line num="320" count="0" type="stmt"/>
            <line num="321" count="0" type="stmt"/>
            <line num="322" count="0" type="stmt"/>
            <line num="323" count="0" type="stmt"/>
            <line num="324" count="0" type="stmt"/>
            <line num="325" count="0" type="stmt"/>
            <line num="326" count="0" type="stmt"/>
            <line num="327" count="0" type="stmt"/>
            <line num="329" count="0" type="stmt"/>
            <line num="330" count="0" type="stmt"/>
            <line num="331" count="0" type="stmt"/>
            <line num="332" count="0" type="stmt"/>
            <line num="333" count="0" type="stmt"/>
            <line num="334" count="0" type="stmt"/>
            <line num="335" count="0" type="stmt"/>
            <line num="336" count="0" type="stmt"/>
            <line num="338" count="0" type="stmt"/>
            <line num="339" count="0" type="stmt"/>
            <line num="340" count="0" type="stmt"/>
            <line num="341" count="0" type="stmt"/>
            <line num="342" count="0" type="stmt"/>
            <line num="343" count="0" type="stmt"/>
            <line num="344" count="0" type="stmt"/>
            <line num="345" count="0" type="stmt"/>
            <line num="347" count="0" type="stmt"/>
            <line num="348" count="0" type="stmt"/>
            <line num="349" count="0" type="stmt"/>
            <line num="350" count="0" type="stmt"/>
            <line num="351" count="0" type="stmt"/>
            <line num="352" count="0" type="stmt"/>
            <line num="353" count="0" type="stmt"/>
            <line num="354" count="0" type="stmt"/>
            <line num="356" count="0" type="stmt"/>
            <line num="357" count="0" type="stmt"/>
            <line num="358" count="0" type="stmt"/>
            <line num="359" count="0" type="stmt"/>
            <line num="360" count="0" type="stmt"/>
            <line num="361" count="0" type="stmt"/>
            <line num="363" count="0" type="stmt"/>
            <line num="364" count="0" type="stmt"/>
            <line num="365" count="0" type="stmt"/>
            <line num="366" count="0" type="stmt"/>
            <line num="367" count="0" type="stmt"/>
            <line num="368" count="0" type="stmt"/>
            <line num="370" count="0" type="stmt"/>
            <line num="371" count="0" type="stmt"/>
            <line num="372" count="0" type="stmt"/>
[...]
            <line num="993" count="0" type="stmt"/>
            <line num="996" count="0" type="stmt"/>
            <line num="997" count="0" type="stmt"/>
            <line num="998" count="0" type="stmt"/>
            <line num="1000" count="0" type="stmt"/>
            <line num="1004" count="0" type="stmt"/>
            <line num="1008" count="0" visibility="public" complexity="5" type="method" signature="countriesUsingCurrency(java.lang.String) : org.oorsprong.www.websamples_countryinfo.TCountryCodeAndName[]"/>
            <line num="1009" count="0" type="stmt"/>
            <line num="1009" falsecount="0" type="cond" truecount="0"/>
            <line num="1010" count="0" type="stmt"/>
            <line num="1012" count="0" type="stmt"/>
            <line num="1013" count="0" type="stmt"/>
            <line num="1014" count="0" type="stmt"/>
            <line num="1015" count="0" type="stmt"/>
            <line num="1016" count="0" type="stmt"/>
            <line num="1017" count="0" type="stmt"/>
            <line num="1018" count="0" type="stmt"/>
            <line num="1019" count="0" type="stmt"/>
            <line num="1020" count="0" type="stmt"/>
            <line num="1022" count="0" type="stmt"/>
            <line num="1023" count="0" type="stmt"/>
            <line num="1024" count="0" type="stmt"/>
            <line num="1024" count="0" type="stmt"/>
            <line num="1026" count="0" type="stmt"/>
            <line num="1026" falsecount="0" type="cond" truecount="0"/>
            <line num="1027" count="0" type="stmt"/>
            <line num="1030" count="0" type="stmt"/>
            <line num="1031" count="0" type="stmt"/>
            <line num="1032" count="0" type="stmt"/>
            <line num="1034" count="0" type="stmt"/>
            <line num="1038" count="0" type="stmt"/>
            <line num="1042" count="0" visibility="public" complexity="5" type="method" signature="listOfLanguagesByName() : org.oorsprong.www.websamples_countryinfo.TLanguage[]"/>
            <line num="1043" count="0" type="stmt"/>
            <line num="1043" falsecount="0" type="cond" truecount="0"/>
            <line num="1044" count="0" type="stmt"/>
            <line num="1046" count="0" type="stmt"/>
            <line num="1047" count="0" type="stmt"/>
            <line num="1048" count="0" type="stmt"/>
            <line num="1049" count="0" type="stmt"/>
            <line num="1050" count="0" type="stmt"/>
            <line num="1051" count="0" type="stmt"/>
            <line num="1052" count="0" type="stmt"/>
            <line num="1053" count="0" type="stmt"/>
            <line num="1054" count="0" type="stmt"/>
            <line num="1056" count="0" type="stmt"/>
            <line num="1057" count="0" type="stmt"/>
            <line num="1058" count="0" type="stmt"/>
            <line num="1058" count="0" type="stmt"/>
            <line num="1060" count="0" type="stmt"/>
            <line num="1060" falsecount="0" type="cond" truecount="0"/>
            <line num="1061" count="0" type="stmt"/>
            <line num="1064" count="0" type="stmt"/>
            <line num="1065" count="0" type="stmt"/>
            <line num="1066" count="0" type="stmt"/>
            <line num="1068" count="0" type="stmt"/>
            <line num="1072" count="0" type="stmt"/>
            <line num="1076" count="0" visibility="public" complexity="5" type="method" signature="listOfLanguagesByCode() : org.oorsprong.www.websamples_countryinfo.TLanguage[]"/>
            <line num="1077" count="0" type="stmt"/>
            <line num="1077" falsecount="0" type="cond" truecount="0"/>
            <line num="1078" count="0" type="stmt"/>
            <line num="1080" count="0" type="stmt"/>
            <line num="1081" count="0" type="stmt"/>
            <line num="1082" count="0" type="stmt"/>
            <line num="1083" count="0" type="stmt"/>
            <line num="1084" count="0" type="stmt"/>
            <line num="1085" count="0" type="stmt"/>
            <line num="1086" count="0" type="stmt"/>
            <line num="1087" count="0" type="stmt"/>
            <line num="1088" count="0" type="stmt"/>
            <line num="1090" count="0" type="stmt"/>
            <line num="1091" count="0" type="stmt"/>
            <line num="1092" count="0" type="stmt"/>
            <line num="1092" count="0" type="stmt"/>
            <line num="1094" count="0" type="stmt"/>
            <line num="1094" falsecount="0" type="cond" truecount="0"/>
            <line num="1095" count="0" type="stmt"/>
            <line num="1098" count="0" type="stmt"/>
            <line num="1099" count="0" type="stmt"/>
            <line num="1100" count="0" type="stmt"/>
            <line num="1102" count="0" type="stmt"/>
            <line num="1106" count="0" type="stmt"/>
            <line num="1110" count="0" visibility="public" complexity="5" type="method" signature="languageName(java.lang.String) : java.lang.String"/>
            <line num="1111" count="0" type="stmt"/>
            <line num="1111" falsecount="0" type="cond" truecount="0"/>
            <line num="1112" count="0" type="stmt"/>
            <line num="1114" count="0" type="stmt"/>
            <line num="1115" count="0" type="stmt"/>
            <line num="1116" count="0" type="stmt"/>
            <line num="1117" count="0" type="stmt"/>
            <line num="1118" count="0" type="stmt"/>
            <line num="1119" count="0" type="stmt"/>
            <line num="1120" count="0" type="stmt"/>
            <line num="1121" count="0" type="stmt"/>
            <line num="1122" count="0" type="stmt"/>
            <line num="1124" count="0" type="stmt"/>
            <line num="1125" count="0" type="stmt"/>
            <line num="1126" count="0" type="stmt"/>
            <line num="1126" count="0" type="stmt"/>
            <line num="1128" count="0" type="stmt"/>
            <line num="1128" falsecount="0" type="cond" truecount="0"/>
            <line num="1129" count="0" type="stmt"/>
            <line num="1132" count="0" type="stmt"/>
            <line num="1133" count="0" type="stmt"/>
            <line num="1134" count="0" type="stmt"/>
            <line num="1136" count="0" type="stmt"/>
            <line num="1140" count="0" type="stmt"/>
            <line num="1144" count="0" visibility="public" complexity="5" type="method" signature="languageISOCode(java.lang.String) : java.lang.String"/>
            <line num="1145" count="0" type="stmt"/>
            <line num="1145" falsecount="0" type="cond" truecount="0"/>
            <line num="1146" count="0" type="stmt"/>
            <line num="1148" count="0" type="stmt"/>
            <line num="1149" count="0" type="stmt"/>
            <line num="1150" count="0" type="stmt"/>
            <line num="1151" count="0" type="stmt"/>
            <line num="1152" count="0" type="stmt"/>
            <line num="1153" count="0" type="stmt"/>
            <line num="1154" count="0" type="stmt"/>
            <line num="1155" count="0" type="stmt"/>
            <line num="1156" count="0" type="stmt"/>
            <line num="1158" count="0" type="stmt"/>
            <line num="1159" count="0" type="stmt"/>
            <line num="1160" count="0" type="stmt"/>
            <line num="1160" count="0" type="stmt"/>
            <line num="1162" count="0" type="stmt"/>
            <line num="1162" falsecount="0" type="cond" truecount="0"/>
            <line num="1163" count="0" type="stmt"/>
            <line num="1166" count="0" type="stmt"/>
            <line num="1167" count="0" type="stmt"/>
            <line num="1168" count="0" type="stmt"/>
            <line num="1170" count="0" type="stmt"/>
            <line num="1174" count="0" type="stmt"/>
         </file>
         <file name="CountryInfoServiceLocator.java" path="C:\Users\ashani.basu\Google Drive\WorkSpace\ServiceHome\src\main\java\org\oorsprong\www\websamples_countryinfo\CountryInfoServiceLocator.java">
            <metrics classes="1" methods="15" conditionals="12" ncloc="95" coveredstatements="0" coveredmethods="0" complexity="24" coveredconditionals="0" statements="40" loc="149" coveredelements="0" elements="67"/>
            <class name="CountryInfoServiceLocator">
               <metrics methods="15" conditionals="12" coveredstatements="0" coveredmethods="0" complexity="24" coveredconditionals="0" statements="40" coveredelements="0" elements="67"/>
            </class>
            <line num="19" count="0" visibility="public" complexity="1" type="method" signature="CountryInfoServiceLocator()"/>
            <line num="23" count="0" visibility="public" complexity="1" type="method" signature="CountryInfoServiceLocator(org.apache.axis.EngineConfiguration)"/>
            <line num="24" count="0" type="stmt"/>
            <line num="27" count="0" visibility="public" complexity="1" type="method" signature="CountryInfoServiceLocator(java.lang.String,javax.xml.namespace.QName)"/>
            <line num="28" count="0" type="stmt"/>
            <line num="34" count="0" visibility="public" complexity="1" type="method" signature="getCountryInfoServiceSoapAddress() : java.lang.String"/>
            <line num="35" count="0" type="stmt"/>
            <line num="41" count="0" visibility="public" complexity="1" type="method" signature="getCountryInfoServiceSoapWSDDServiceName() : java.lang.String"/>
            <line num="42" count="0" type="stmt"/>
            <line num="45" count="0" visibility="public" complexity="1" type="method" signature="setCountryInfoServiceSoapWSDDServiceName(java.lang.String) : void"/>
            <line num="46" count="0" type="stmt"/>
            <line num="49" count="0" visibility="public" complexity="2" type="method" signature="getCountryInfoServiceSoap() : org.oorsprong.www.websamples_countryinfo.CountryInfoServiceSoapType"/>
            <line num="50" count="0" type="stmt"/>
            <line num="51" count="0" type="stmt"/>
            <line num="52" count="0" type="stmt"/>
            <line num="55" count="0" type="stmt"/>
            <line num="57" count="0" type="stmt"/>
            <line num="60" count="0" visibility="public" complexity="2" type="method" signature="getCountryInfoServiceSoap(java.net.URL) : org.oorsprong.www.websamples_countryinfo.CountryInfoServiceSoapType"/>
            <line num="61" count="0" type="stmt"/>
            <line num="62" count="0" type="stmt"/>
            <line num="63" count="0" type="stmt"/>
            <line num="64" count="0" type="stmt"/>
            <line num="67" count="0" type="stmt"/>
            <line num="71" count="0" visibility="public" complexity="1" type="method" signature="setCountryInfoServiceSoapEndpointAddress(java.lang.String) : void"/>
            <line num="72" count="0" type="stmt"/>
            <line num="80" count="0" visibility="public" complexity="4" type="method" signature="getPort(Class) : java.rmi.Remote"/>
            <line num="81" count="0" type="stmt"/>
            <line num="82" count="0" type="stmt"/>
            <line num="82" falsecount="0" type="cond" truecount="0"/>
            <line num="83" count="0" type="stmt"/>
            <line num="84" count="0" type="stmt"/>
            <line num="85" count="0" type="stmt"/>
            <line num="89" count="0" type="stmt"/>
            <line num="91" count="0" type="stmt"/>
            <line num="91" falsecount="0" type="cond" truecount="0"/>
            <line num="99" count="0" visibility="public" complexity="3" type="method" signature="getPort(javax.xml.namespace.QName,Class) : java.rmi.Remote"/>
            <line num="100" count="0" type="stmt"/>
            <line num="100" falsecount="0" type="cond" truecount="0"/>
            <line num="101" count="0" type="stmt"/>
            <line num="103" count="0" type="stmt"/>
            <line num="104" count="0" type="stmt"/>
            <line num="104" falsecount="0" type="cond" truecount="0"/>
            <line num="105" count="0" type="stmt"/>
            <line num="108" count="0" type="stmt"/>
            <line num="109" count="0" type="stmt"/>
            <line num="110" count="0" type="stmt"/>
            <line num="114" count="0" visibility="public" complexity="1" type="method" signature="getServiceName() : javax.xml.namespace.QName"/>
            <line num="115" count="0" type="stmt"/>
            <line num="120" count="0" visibility="public" complexity="2" type="method" signature="getPorts() : java.util.Iterator"/>
            <line num="121" count="0" type="stmt"/>
            <line num="121" falsecount="0" type="cond" truecount="0"/>
            <line num="122" count="0" type="stmt"/>
            <line num="123" count="0" type="stmt"/>
            <line num="125" count="0" type="stmt"/>
            <line num="131" count="0" visibility="public" complexity="2" type="method" signature="setEndpointAddress(java.lang.String,java.lang.String) : void"/>
            <line num="133" count="0" type="stmt"/>
            <line num="133" falsecount="0" type="cond" truecount="0"/>
            <line num="134" count="0" type="stmt"/>
            <line num="138" count="0" type="stmt"/>
            <line num="145" count="0" visibility="public" complexity="1" type="method" signature="setEndpointAddress(javax.xml.namespace.QName,java.lang.String) : void"/>
            <line num="146" count="0" type="stmt"/>
         </file>
         <file name="CountryInfoService.java" path="C:\Users\ashani.basu\Google Drive\WorkSpace\ServiceHome\src\main\java\org\oorsprong\www\websamples_countryinfo\CountryInfoService.java">
            <metrics classes="1" methods="0" conditionals="0" ncloc="6" coveredstatements="0" coveredmethods="0" complexity="0" coveredconditionals="0" statements="0" loc="23" coveredelements="0" elements="0"/>
            <class name="CountryInfoService">
               <metrics methods="0" conditionals="0" coveredstatements="0" coveredmethods="0" complexity="0" coveredconditionals="0" statements="0" coveredelements="0" elements="0"/>
            </class>
         </file>
      </package>
      <package name="foo.acn.bl.impl">
         <metrics classes="3" methods="3" conditionals="0" files="3" ncloc="28" coveredstatements="0" coveredmethods="0" complexity="3" coveredconditionals="0" statements="3" loc="44" coveredelements="0" elements="6"/>
         <file name="LocalCountryBLImpl.java" path="C:\Users\ashani.basu\Google Drive\WorkSpace\ServiceHome\src\main\java\foo\acn\bl\impl\LocalCountryBLImpl.java">
            <metrics classes="1" methods="1" conditionals="0" ncloc="9" coveredstatements="0" coveredmethods="0" complexity="1" coveredconditionals="0" statements="1" loc="15" coveredelements="0" elements="2"/>
            <class name="LocalCountryBLImpl">
               <metrics methods="1" conditionals="0" coveredstatements="0" coveredmethods="0" complexity="1" coveredconditionals="0" statements="1" coveredelements="0" elements="2"/>
            </class>
            <line num="10" count="0" visibility="public" complexity="1" type="method" signature="getAll() : List&lt;Country&gt;"/>
            <line num="12" count="0" type="stmt"/>
         </file>
         <file name="ExternalCityWeatherBLImpl.java" path="C:\Users\ashani.basu\Google Drive\WorkSpace\ServiceHome\src\main\java\foo\acn\bl\impl\ExternalCityWeatherBLImpl.java">
            <metrics classes="1" methods="1" conditionals="0" ncloc="9" coveredstatements="0" coveredmethods="0" complexity="1" coveredconditionals="0" statements="1" loc="13" coveredelements="0" elements="2"/>
            <class name="ExternalCityWeatherBLImpl">
               <metrics methods="1" conditionals="0" coveredstatements="0" coveredmethods="0" complexity="1" coveredconditionals="0" statements="1" coveredelements="0" elements="2"/>
            </class>
            <line num="9" count="0" visibility="public" complexity="1" type="method" signature="getWeatherByLocation(City) : Weather"/>
            <line num="10" count="0" type="stmt"/>
         </file>
         <file name="ExternalCityBLImpl.java" path="C:\Users\ashani.basu\Google Drive\WorkSpace\ServiceHome\src\main\java\foo\acn\bl\impl\ExternalCityBLImpl.java">
            <metrics classes="1" methods="1" conditionals="0" ncloc="10" coveredstatements="0" coveredmethods="0" complexity="1" coveredconditionals="0" statements="1" loc="16" coveredelements="0" elements="2"/>
            <class name="ExternalCityBLImpl">
               <metrics methods="1" conditionals="0" coveredstatements="0" coveredmethods="0" complexity="1" coveredconditionals="0" statements="1" coveredelements="0" elements="2"/>
            </class>
            <line num="11" count="0" visibility="public" complexity="1" type="method" signature="getCityByCountry(Country) : List&lt;City&gt;"/>
            <line num="13" count="0" type="stmt"/>
         </file>
      </package>
      <package name="foo.acn">
         <metrics classes="1" methods="1" conditionals="0" files="1" ncloc="8" coveredstatements="0" coveredmethods="0" complexity="1" coveredconditionals="0" statements="1" loc="13" coveredelements="0" elements="2"/>
         <file name="App.java" path="C:\Users\ashani.basu\Google Drive\WorkSpace\ServiceHome\src\main\java\foo\acn\App.java">
            <metrics classes="1" methods="1" conditionals="0" ncloc="8" coveredstatements="0" coveredmethods="0" complexity="1" coveredconditionals="0" statements="1" loc="13" coveredelements="0" elements="2"/>
            <class name="App">
               <metrics methods="1" conditionals="0" coveredstatements="0" coveredmethods="0" complexity="1" coveredconditionals="0" statements="1" coveredelements="0" elements="2"/>
            </class>
            <line num="9" count="0" visibility="public" complexity="1" type="method" signature="main(String[]) : void"/>
            <line num="11" count="0" type="stmt"/>
         </file>
      </package>
   </project>
   <testproject timestamp="1412929613672" name="ServiceHome Coverage Report">
      <metrics conditionals="0" methods="3" classes="1" files="1" packages="1" coveredstatements="3" complexity="3" loc="38" ncloc="20" coveredmethods="3" coveredconditionals="0" statements="3" coveredelements="6" elements="6"/>
      <package name="foo.acn">
         <metrics classes="1" methods="3" conditionals="0" files="1" ncloc="20" coveredstatements="3" coveredmethods="3" complexity="3" coveredconditionals="0" statements="3" loc="38" coveredelements="6" elements="6"/>
         <file name="AppTest.java" path="C:\Users\ashani.basu\Google Drive\WorkSpace\ServiceHome\src\test\java\foo\acn\AppTest.java">
            <metrics classes="1" methods="3" conditionals="0" ncloc="20" coveredstatements="3" coveredmethods="3" complexity="3" coveredconditionals="0" statements="3" loc="38" coveredelements="6" elements="6"/>
            <class name="AppTest">
               <metrics conditionals="0" methods="3" coveredstatements="3" complexity="3" testpasses="1" testruns="1" coveredmethods="3" coveredconditionals="0" statements="3" testfailures="0" coveredelements="6" testduration="0.055" elements="6"/>
            </class>
            <line num="18" count="1" visibility="public" complexity="1" type="method" signature="AppTest(String)"/>
            <line num="20" count="1" type="stmt"/>
            <line num="26" count="1" visibility="public" complexity="1" type="method" signature="suite() : Test"/>
            <line num="28" count="1" type="stmt"/>
            <line num="34" testsuccess="true" count="1" visibility="public" complexity="1" type="method" testduration="0.055" signature="testApp() : void"/>
            <line num="36" count="1" type="stmt"/>
         </file>
      </package>
   </testproject>
</coverage>